[5784:31232:0617/170423.091:WARNING:chrome_main_delegate.cc(745)] This is Chrome version 128.0.6613.138 (not a warning)
[5784:6932:0617/170423.188:ERROR:google_update_settings.cc(265)] Failed opening key Software\Chromium to set usagestats; result: 5
[5784:31232:0617/170423.207:WARNING:account_consistency_mode_manager.cc(77)] Desktop Identity Consistency cannot be enabled as no OAuth client ID and client secret have been configured.
[16632:17056:0617/170440.900:WARNING:frame_impl.cc(430)] virtual CefFrameImpl::SendProcessMessage sent to detached frame 5-66147CF30C3A97137526A601794F815E will be ignored
[5784:29056:0617/170441.328:ERROR:cast_crl.cc(443)] CRL - Verification failed.
[5784:29056:0617/170441.885:ERROR:cast_crl.cc(443)] CRL - Verification failed.
[17276:33208:0617/170443.030:WARNING:codec.cc(525)] Explicitly added H264 constrained baseline to list of supported formats.
[17276:29244:0617/170443.192:WARNING:codec.cc(525)] Explicitly added H264 constrained baseline to list of supported formats.
[17276:29244:0617/170443.192:WARNING:codec.cc(525)] Explicitly added H264 constrained baseline to list of supported formats.
[17276:29244:0617/170443.195:WARNING:codec.cc(525)] Explicitly added H264 constrained baseline to list of supported formats.
[3108:11684:0617/170443.293:WARNING:host_resolver_dns_task.cc(863)] Address list empty after RFC3484 sort
[3108:11684:0617/170443.348:ERROR:socket_manager.cc(147)] Failed to resolve address for stun.cloudflare.com., errorcode: -105
[3108:11684:0617/170443.348:ERROR:socket_manager.cc(147)] Failed to resolve address for stun.cloudflare.com., errorcode: -105
[3108:11684:0617/170443.349:ERROR:socket_manager.cc(147)] Failed to resolve address for stun.cloudflare.com., errorcode: -105
[17276:29244:0617/170443.349:WARNING:stun_port.cc(442)] Port[10e2c00:0:1:0:host:Net[any:0:0:0:x:x:x:x:x/0:Wildcard:id=0]]: StunPort: stun host lookup received error -1
[17276:29244:0617/170443.350:WARNING:stun_port.cc(442)] Port[10e3400:1:1:0:host:Net[any:0:0:0:x:x:x:x:x/0:Wildcard:id=0]]: StunPort: stun host lookup received error -1
[17276:29244:0617/170443.350:WARNING:stun_port.cc(442)] Port[11b8000:2:1:0:host:Net[any:0:0:0:x:x:x:x:x/0:Wildcard:id=0]]: StunPort: stun host lookup received error -1
[5784:29056:0617/170443.548:WARNING:browser_info.cc(345)] Returning a speculative frame for [9,5]
[5784:31232:0617/170443.662:WARNING:browser_info.cc(345)] Returning a speculative frame for [10,5]
[5784:31232:0617/170443.662:WARNING:browser_info.cc(345)] Returning a speculative frame for [10,5]
[5784:31232:0617/170443.662:WARNING:browser_info.cc(345)] Returning a speculative frame for [10,5]
[5784:31232:0617/170443.662:WARNING:browser_info.cc(345)] Returning a speculative frame for [10,5]
[5784:29056:0617/170443.729:WARNING:browser_info.cc(345)] Returning a speculative frame for [10,5]
[27588:7640:0617/170444.037:WARNING:codec.cc(525)] Explicitly added H264 constrained baseline to list of supported formats.
[27588:5832:0617/170444.215:WARNING:codec.cc(525)] Explicitly added H264 constrained baseline to list of supported formats.
[27588:5832:0617/170444.215:WARNING:codec.cc(525)] Explicitly added H264 constrained baseline to list of supported formats.
[27588:5832:0617/170444.215:WARNING:codec.cc(525)] Explicitly added H264 constrained baseline to list of supported formats.
[3108:11684:0617/170444.290:WARNING:host_resolver_dns_task.cc(863)] Address list empty after RFC3484 sort
[3108:11684:0617/170444.291:ERROR:socket_manager.cc(147)] Failed to resolve address for stun.cloudflare.com., errorcode: -105
[3108:11684:0617/170444.291:ERROR:socket_manager.cc(147)] Failed to resolve address for stun.cloudflare.com., errorcode: -105
[3108:11684:0617/170444.291:ERROR:socket_manager.cc(147)] Failed to resolve address for stun.cloudflare.com., errorcode: -105
[27588:5832:0617/170444.291:WARNING:stun_port.cc(442)] Port[13ee000:0:1:0:host:Net[any:0:0:0:x:x:x:x:x/0:Wildcard:id=0]]: StunPort: stun host lookup received error -1
[27588:5832:0617/170444.291:WARNING:stun_port.cc(442)] Port[13ee800:1:1:0:host:Net[any:0:0:0:x:x:x:x:x/0:Wildcard:id=0]]: StunPort: stun host lookup received error -1
[27588:5832:0617/170444.291:WARNING:stun_port.cc(442)] Port[13ef000:2:1:0:host:Net[any:0:0:0:x:x:x:x:x/0:Wildcard:id=0]]: StunPort: stun host lookup received error -1
[27588:7640:0617/170447.151:WARNING:codec.cc(525)] Explicitly added H264 constrained baseline to list of supported formats.
[16660:33692:0617/170654.898:ERROR:shared_image_manager.cc(224)] SharedImageManager::ProduceSkia: Trying to Produce a Skia representation from a non-existent mailbox.
[5784:31232:0617/170733.838:WARNING:pref_notifier_impl.cc(41)] Pref observer for media_router.cast_allow_all_ips found at shutdown.
