[12056:6720:0619/193757.694:WARNING:chrome_main_delegate.cc(745)] This is Chrome version 128.0.6613.138 (not a warning)
[12056:22040:0619/193758.013:ERROR:google_update_settings.cc(265)] Failed opening key Software\Chromium to set usagestats; result: 5
[12056:6720:0619/193758.173:WARNING:account_consistency_mode_manager.cc(77)] Desktop Identity Consistency cannot be enabled as no OAuth client ID and client secret have been configured.
[6920:17232:0619/193813.468:WARNING:frame_impl.cc(430)] virtual CefFrameImpl::SendProcessMessage sent to detached frame 5-B7744D213C7420E743A2FE93E7A2664A will be ignored
[18508:7600:0619/193815.579:WARNING:codec.cc(525)] Explicitly added H264 constrained baseline to list of supported formats.
[18508:22696:0619/193815.694:WARNING:codec.cc(525)] Explicitly added H264 constrained baseline to list of supported formats.
[18508:22696:0619/193815.695:WARNING:codec.cc(525)] Explicitly added H264 constrained baseline to list of supported formats.
[18508:22696:0619/193815.696:WARNING:codec.cc(525)] Explicitly added H264 constrained baseline to list of supported formats.
[31328:13100:0619/193815.751:WARNING:host_resolver_dns_task.cc(863)] Address list empty after RFC3484 sort
[31328:13100:0619/193815.785:ERROR:socket_manager.cc(147)] Failed to resolve address for stun.cloudflare.com., errorcode: -105
[31328:13100:0619/193815.785:ERROR:socket_manager.cc(147)] Failed to resolve address for stun.cloudflare.com., errorcode: -105
[31328:13100:0619/193815.785:ERROR:socket_manager.cc(147)] Failed to resolve address for stun.cloudflare.com., errorcode: -105
[18508:22696:0619/193815.808:WARNING:stun_port.cc(442)] Port[10cc000:0:1:0:host:Net[any:0:0:0:x:x:x:x:x/0:Wildcard:id=0]]: StunPort: stun host lookup received error -1
[18508:22696:0619/193815.808:WARNING:stun_port.cc(442)] Port[10cc400:1:1:0:host:Net[any:0:0:0:x:x:x:x:x/0:Wildcard:id=0]]: StunPort: stun host lookup received error -1
[18508:22696:0619/193815.808:WARNING:stun_port.cc(442)] Port[10ccc00:2:1:0:host:Net[any:0:0:0:x:x:x:x:x/0:Wildcard:id=0]]: StunPort: stun host lookup received error -1
[12056:3776:0619/193816.859:WARNING:browser_info.cc(345)] Returning a speculative frame for [9,5]
[12056:6720:0619/193817.070:WARNING:browser_info.cc(345)] Returning a speculative frame for [10,5]
[12056:6720:0619/193817.070:WARNING:browser_info.cc(345)] Returning a speculative frame for [10,5]
[12056:6720:0619/193817.070:WARNING:browser_info.cc(345)] Returning a speculative frame for [10,5]
[12056:6720:0619/193817.070:WARNING:browser_info.cc(345)] Returning a speculative frame for [10,5]
[12056:3776:0619/193817.158:WARNING:browser_info.cc(345)] Returning a speculative frame for [10,5]
[33268:6028:0619/193817.376:WARNING:codec.cc(525)] Explicitly added H264 constrained baseline to list of supported formats.
[12056:3776:0619/193817.444:ERROR:cast_crl.cc(443)] CRL - Verification failed.
[33268:5176:0619/193817.495:WARNING:codec.cc(525)] Explicitly added H264 constrained baseline to list of supported formats.
[33268:5176:0619/193817.495:WARNING:codec.cc(525)] Explicitly added H264 constrained baseline to list of supported formats.
[33268:5176:0619/193817.495:WARNING:codec.cc(525)] Explicitly added H264 constrained baseline to list of supported formats.
[31328:13100:0619/193817.525:WARNING:host_resolver_dns_task.cc(863)] Address list empty after RFC3484 sort
[31328:13100:0619/193817.525:ERROR:socket_manager.cc(147)] Failed to resolve address for stun.cloudflare.com., errorcode: -105
[31328:13100:0619/193817.525:ERROR:socket_manager.cc(147)] Failed to resolve address for stun.cloudflare.com., errorcode: -105
[31328:13100:0619/193817.525:ERROR:socket_manager.cc(147)] Failed to resolve address for stun.cloudflare.com., errorcode: -105
[33268:5176:0619/193817.525:WARNING:stun_port.cc(442)] Port[ef2400:0:1:0:host:Net[any:0:0:0:x:x:x:x:x/0:Wildcard:id=0]]: StunPort: stun host lookup received error -1
[33268:5176:0619/193817.525:WARNING:stun_port.cc(442)] Port[ef2c00:1:1:0:host:Net[any:0:0:0:x:x:x:x:x/0:Wildcard:id=0]]: StunPort: stun host lookup received error -1
[33268:5176:0619/193817.525:WARNING:stun_port.cc(442)] Port[ef3400:2:1:0:host:Net[any:0:0:0:x:x:x:x:x/0:Wildcard:id=0]]: StunPort: stun host lookup received error -1
[33268:6028:0619/193820.192:WARNING:codec.cc(525)] Explicitly added H264 constrained baseline to list of supported formats.
[30988:29924:0619/194024.846:ERROR:shared_image_manager.cc(224)] SharedImageManager::ProduceSkia: Trying to Produce a Skia representation from a non-existent mailbox.
[12056:6720:0619/200926.954:ERROR:device_event_log_impl.cc(196)] [20:09:26.755] USB: usb_service_win.cc:105 SetupDiGetDeviceProperty({{A45C254E-DF1C-4EFD-8020-67D146A850E0}, 6}) failed: Element not found. (0x490)
[12056:6720:0619/201359.088:WARNING:pref_notifier_impl.cc(41)] Pref observer for media_router.cast_allow_all_ips found at shutdown.
