[21900:6704:0615/090250.560:WARNING:chrome_main_delegate.cc(745)] This is Chrome version 128.0.6613.138 (not a warning)
[21900:8596:0615/090250.635:ERROR:google_update_settings.cc(265)] Failed opening key Software\Chromium to set usagestats; result: 5
[21900:6704:0615/090250.654:WARNING:account_consistency_mode_manager.cc(77)] Desktop Identity Consistency cannot be enabled as no OAuth client ID and client secret have been configured.
[21900:6704:0615/090310.777:ERROR:browser_info_manager.cc(781)] Timeout of new browser info response for frame 6-F80B4F0367F0FDCEF5AB6D7B5EACB231 (has_rfh=1)
[20192:1644:0615/090310.846:WARNING:frame_impl.cc(430)] virtual CefFrameImpl::SendProcessMessage sent to detached frame 5-4D200CCB97A1C613473F6C4A7419D4C7 will be ignored
[21900:32372:0615/090311.692:WARNING:browser_info.cc(345)] Returning a speculative frame for [8,9]
[21900:6704:0615/090311.859:WARNING:browser_info.cc(345)] Returning a speculative frame for [10,9]
[21900:6704:0615/090311.859:WARNING:browser_info.cc(345)] Returning a speculative frame for [10,9]
[21900:6704:0615/090311.860:WARNING:browser_info.cc(345)] Returning a speculative frame for [10,9]
[21900:6704:0615/090311.860:WARNING:browser_info.cc(345)] Returning a speculative frame for [10,9]
[21900:32372:0615/090311.866:WARNING:browser_info.cc(345)] Returning a speculative frame for [10,9]
[21900:32372:0615/090313.409:ERROR:cast_crl.cc(443)] CRL - Verification failed.
[21900:32372:0615/090313.473:ERROR:cast_crl.cc(443)] CRL - Verification failed.
[29656:2680:0615/090314.792:WARNING:codec.cc(525)] Explicitly added H264 constrained baseline to list of supported formats.
[29656:2680:0615/090316.022:WARNING:codec.cc(525)] Explicitly added H264 constrained baseline to list of supported formats.
[29656:19636:0615/090316.072:WARNING:codec.cc(525)] Explicitly added H264 constrained baseline to list of supported formats.
[29656:19636:0615/090316.073:WARNING:codec.cc(525)] Explicitly added H264 constrained baseline to list of supported formats.
[29656:19636:0615/090316.077:WARNING:codec.cc(525)] Explicitly added H264 constrained baseline to list of supported formats.
[20696:31156:0615/090523.043:ERROR:shared_image_manager.cc(224)] SharedImageManager::ProduceSkia: Trying to Produce a Skia representation from a non-existent mailbox.
[21900:6704:0615/094453.083:WARNING:pref_notifier_impl.cc(41)] Pref observer for media_router.cast_allow_all_ips found at shutdown.
