[15540:20316:0619/202111.633:WARNING:chrome_main_delegate.cc(745)] This is Chrome version 128.0.6613.138 (not a warning)
[15540:15836:0619/202111.979:ERROR:google_update_settings.cc(265)] Failed opening key Software\Chromium to set usagestats; result: 5
[15540:20316:0619/202112.146:WARNING:account_consistency_mode_manager.cc(77)] Desktop Identity Consistency cannot be enabled as no OAuth client ID and client secret have been configured.
[4984:32616:0619/202129.191:WARNING:frame_impl.cc(430)] virtual CefFrameImpl::SendProcessMessage sent to detached frame 5-274C698C25FF44AD2B428CEDC0214F2B will be ignored
[4104:22824:0619/202130.905:WARNING:codec.cc(525)] Explicitly added H264 constrained baseline to list of supported formats.
[4104:17280:0619/202131.042:WARNING:codec.cc(525)] Explicitly added H264 constrained baseline to list of supported formats.
[4104:17280:0619/202131.042:WARNING:codec.cc(525)] Explicitly added H264 constrained baseline to list of supported formats.
[4104:17280:0619/202131.045:WARNING:codec.cc(525)] Explicitly added H264 constrained baseline to list of supported formats.
[7872:31396:0619/202131.153:WARNING:host_resolver_dns_task.cc(863)] Address list empty after RFC3484 sort
[7872:31396:0619/202131.158:ERROR:socket_manager.cc(147)] Failed to resolve address for stun.cloudflare.com., errorcode: -105
[7872:31396:0619/202131.159:ERROR:socket_manager.cc(147)] Failed to resolve address for stun.cloudflare.com., errorcode: -105
[7872:31396:0619/202131.159:ERROR:socket_manager.cc(147)] Failed to resolve address for stun.cloudflare.com., errorcode: -105
[4104:17280:0619/202131.162:WARNING:stun_port.cc(442)] Port[ecf400:0:1:0:host:Net[any:0:0:0:x:x:x:x:x/0:Wildcard:id=0]]: StunPort: stun host lookup received error -1
[4104:17280:0619/202131.162:WARNING:stun_port.cc(442)] Port[10c8000:1:1:0:host:Net[any:0:0:0:x:x:x:x:x/0:Wildcard:id=0]]: StunPort: stun host lookup received error -1
[4104:17280:0619/202131.162:WARNING:stun_port.cc(442)] Port[10c8400:2:1:0:host:Net[any:0:0:0:x:x:x:x:x/0:Wildcard:id=0]]: StunPort: stun host lookup received error -1
[15540:23048:0619/202131.425:ERROR:cast_crl.cc(443)] CRL - Verification failed.
[15540:23048:0619/202131.612:WARNING:browser_info.cc(345)] Returning a speculative frame for [9,5]
[15540:20316:0619/202131.889:WARNING:browser_info.cc(345)] Returning a speculative frame for [10,5]
[15540:20316:0619/202131.890:WARNING:browser_info.cc(345)] Returning a speculative frame for [10,5]
[15540:20316:0619/202131.890:WARNING:browser_info.cc(345)] Returning a speculative frame for [10,5]
[15540:20316:0619/202131.890:WARNING:browser_info.cc(345)] Returning a speculative frame for [10,5]
[15540:23048:0619/202132.218:WARNING:browser_info.cc(345)] Returning a speculative frame for [10,5]
[29720:22836:0619/202132.437:WARNING:codec.cc(525)] Explicitly added H264 constrained baseline to list of supported formats.
[29720:25196:0619/202132.566:WARNING:codec.cc(525)] Explicitly added H264 constrained baseline to list of supported formats.
[29720:25196:0619/202132.566:WARNING:codec.cc(525)] Explicitly added H264 constrained baseline to list of supported formats.
[29720:25196:0619/202132.567:WARNING:codec.cc(525)] Explicitly added H264 constrained baseline to list of supported formats.
[7872:31396:0619/202132.668:WARNING:host_resolver_dns_task.cc(863)] Address list empty after RFC3484 sort
[7872:31396:0619/202132.669:ERROR:socket_manager.cc(147)] Failed to resolve address for stun.cloudflare.com., errorcode: -105
[7872:31396:0619/202132.669:ERROR:socket_manager.cc(147)] Failed to resolve address for stun.cloudflare.com., errorcode: -105
[7872:31396:0619/202132.669:ERROR:socket_manager.cc(147)] Failed to resolve address for stun.cloudflare.com., errorcode: -105
[29720:25196:0619/202132.669:WARNING:stun_port.cc(442)] Port[f0ac00:0:1:0:host:Net[any:0:0:0:x:x:x:x:x/0:Wildcard:id=0]]: StunPort: stun host lookup received error -1
[29720:25196:0619/202132.669:WARNING:stun_port.cc(442)] Port[f0b400:1:1:0:host:Net[any:0:0:0:x:x:x:x:x/0:Wildcard:id=0]]: StunPort: stun host lookup received error -1
[29720:25196:0619/202132.669:WARNING:stun_port.cc(442)] Port[1264000:2:1:0:host:Net[any:0:0:0:x:x:x:x:x/0:Wildcard:id=0]]: StunPort: stun host lookup received error -1
[15540:23048:0619/202135.290:ERROR:cast_crl.cc(443)] CRL - Verification failed.
[29720:22836:0619/202135.769:WARNING:codec.cc(525)] Explicitly added H264 constrained baseline to list of supported formats.
[19324:15072:0619/202342.757:ERROR:shared_image_manager.cc(224)] SharedImageManager::ProduceSkia: Trying to Produce a Skia representation from a non-existent mailbox.
[15540:20316:0619/210019.395:WARNING:pref_notifier_impl.cc(41)] Pref observer for media_router.cast_allow_all_ips found at shutdown.
