[31436:27992:0613/223521.299:WARNING:chrome_main_delegate.cc(745)] This is Chrome version 128.0.6613.138 (not a warning)
[25276:3948:0613/223521.299:WARNING:chrome_main_delegate.cc(745)] This is Chrome version 128.0.6613.138 (not a warning)
[31436:12476:0613/223521.658:ERROR:google_update_settings.cc(265)] Failed opening key Software\Chromium to set usagestats; result: 5
[31436:27992:0613/223521.881:WARNING:account_consistency_mode_manager.cc(77)] Desktop Identity Consistency cannot be enabled as no OAuth client ID and client secret have been configured.
[31436:21204:0613/223555.706:ERROR:cast_crl.cc(443)] CRL - Verification failed.
[31436:21204:0613/223555.745:ERROR:cast_crl.cc(443)] CRL - Verification failed.
[31436:27992:0613/223556.495:ERROR:browser_info_manager.cc(781)] Timeout of new browser info response for frame 6-9AC35139075EA0767D833F8DE962F8D4 (has_rfh=1)
[2724:4940:0613/223556.838:WARNING:frame_impl.cc(430)] virtual CefFrameImpl::SendProcessMessage sent to detached frame 5-E479E109893EBDE933C1AFDA27BBC856 will be ignored
[31436:21204:0613/223559.840:WARNING:browser_info.cc(345)] Returning a speculative frame for [9,5]
[31436:27992:0613/223600.173:WARNING:browser_info.cc(345)] Returning a speculative frame for [10,5]
[31436:27992:0613/223600.173:WARNING:browser_info.cc(345)] Returning a speculative frame for [10,5]
[31436:27992:0613/223600.173:WARNING:browser_info.cc(345)] Returning a speculative frame for [10,5]
[31436:27992:0613/223600.174:WARNING:browser_info.cc(345)] Returning a speculative frame for [10,5]
[31436:21204:0613/223600.522:WARNING:browser_info.cc(345)] Returning a speculative frame for [10,5]
[10748:23780:0613/223605.838:WARNING:codec.cc(525)] Explicitly added H264 constrained baseline to list of supported formats.
[10748:23780:0613/223606.644:WARNING:codec.cc(525)] Explicitly added H264 constrained baseline to list of supported formats.
[10748:23184:0613/223606.677:WARNING:codec.cc(525)] Explicitly added H264 constrained baseline to list of supported formats.
[10748:23184:0613/223606.678:WARNING:codec.cc(525)] Explicitly added H264 constrained baseline to list of supported formats.
[10748:23184:0613/223606.680:WARNING:codec.cc(525)] Explicitly added H264 constrained baseline to list of supported formats.
[10992:21664:0613/223606.879:WARNING:host_resolver_dns_task.cc(863)] Address list empty after RFC3484 sort
[10992:21664:0613/223606.900:ERROR:socket_manager.cc(147)] Failed to resolve address for stun.cloudflare.com., errorcode: -105
[10992:21664:0613/223606.900:ERROR:socket_manager.cc(147)] Failed to resolve address for stun.cloudflare.com., errorcode: -105
[10992:21664:0613/223606.900:ERROR:socket_manager.cc(147)] Failed to resolve address for stun.cloudflare.com., errorcode: -105
[10748:23184:0613/223606.900:WARNING:stun_port.cc(442)] Port[1d5b400:0:1:0:host:Net[any:0:0:0:x:x:x:x:x/0:Wildcard:id=0]]: StunPort: stun host lookup received error -1
[10748:23184:0613/223606.900:WARNING:stun_port.cc(442)] Port[3f5c000:1:1:0:host:Net[any:0:0:0:x:x:x:x:x/0:Wildcard:id=0]]: StunPort: stun host lookup received error -1
[10748:23184:0613/223606.900:WARNING:stun_port.cc(442)] Port[3f5c400:2:1:0:host:Net[any:0:0:0:x:x:x:x:x/0:Wildcard:id=0]]: StunPort: stun host lookup received error -1
[21688:19820:0613/223816.860:ERROR:shared_image_manager.cc(224)] SharedImageManager::ProduceSkia: Trying to Produce a Skia representation from a non-existent mailbox.
[31436:27992:0613/224512.319:WARNING:pref_notifier_impl.cc(41)] Pref observer for media_router.cast_allow_all_ips found at shutdown.
