[7364:11072:0619/214519.271:WARNING:chrome_main_delegate.cc(745)] This is Chrome version 128.0.6613.138 (not a warning)
[7364:27800:0619/214519.609:ERROR:google_update_settings.cc(265)] Failed opening key Software\Chromium to set usagestats; result: 5
[7364:11072:0619/214519.776:WARNING:account_consistency_mode_manager.cc(77)] Desktop Identity Consistency cannot be enabled as no OAuth client ID and client secret have been configured.
[27820:16120:0619/214537.944:WARNING:frame_impl.cc(430)] virtual CefFrameImpl::SendProcessMessage sent to detached frame 5-B739D681766AF849E4B4DE6DC0D4BF53 will be ignored
[13220:27180:0619/214540.111:WARNING:codec.cc(525)] Explicitly added H264 constrained baseline to list of supported formats.
[13220:22016:0619/214540.220:WARNING:codec.cc(525)] Explicitly added H264 constrained baseline to list of supported formats.
[13220:22016:0619/214540.221:WARNING:codec.cc(525)] Explicitly added H264 constrained baseline to list of supported formats.
[13220:22016:0619/214540.222:WARNING:codec.cc(525)] Explicitly added H264 constrained baseline to list of supported formats.
[20340:10744:0619/214540.309:WARNING:host_resolver_dns_task.cc(863)] Address list empty after RFC3484 sort
[20340:10744:0619/214540.313:ERROR:socket_manager.cc(147)] Failed to resolve address for stun.cloudflare.com., errorcode: -105
[20340:10744:0619/214540.313:ERROR:socket_manager.cc(147)] Failed to resolve address for stun.cloudflare.com., errorcode: -105
[20340:10744:0619/214540.313:ERROR:socket_manager.cc(147)] Failed to resolve address for stun.cloudflare.com., errorcode: -105
[13220:22016:0619/214540.333:WARNING:stun_port.cc(442)] Port[ee7000:0:1:0:host:Net[any:0:0:0:x:x:x:x:x/0:Wildcard:id=0]]: StunPort: stun host lookup received error -1
[13220:22016:0619/214540.335:WARNING:stun_port.cc(442)] Port[ee7800:1:1:0:host:Net[any:0:0:0:x:x:x:x:x/0:Wildcard:id=0]]: StunPort: stun host lookup received error -1
[13220:22016:0619/214540.335:WARNING:stun_port.cc(442)] Port[ee7c00:2:1:0:host:Net[any:0:0:0:x:x:x:x:x/0:Wildcard:id=0]]: StunPort: stun host lookup received error -1
[7364:20568:0619/214540.607:WARNING:browser_info.cc(345)] Returning a speculative frame for [9,5]
[7364:11072:0619/214540.659:WARNING:browser_info.cc(345)] Returning a speculative frame for [10,5]
[7364:11072:0619/214540.659:WARNING:browser_info.cc(345)] Returning a speculative frame for [10,5]
[7364:11072:0619/214540.659:WARNING:browser_info.cc(345)] Returning a speculative frame for [10,5]
[7364:11072:0619/214540.659:WARNING:browser_info.cc(345)] Returning a speculative frame for [10,5]
[7364:20568:0619/214540.735:WARNING:browser_info.cc(345)] Returning a speculative frame for [10,5]
[20696:28408:0619/214540.903:WARNING:codec.cc(525)] Explicitly added H264 constrained baseline to list of supported formats.
[20696:11924:0619/214540.983:WARNING:codec.cc(525)] Explicitly added H264 constrained baseline to list of supported formats.
[20696:11924:0619/214540.983:WARNING:codec.cc(525)] Explicitly added H264 constrained baseline to list of supported formats.
[20696:11924:0619/214540.984:WARNING:codec.cc(525)] Explicitly added H264 constrained baseline to list of supported formats.
[20340:10744:0619/214541.048:WARNING:host_resolver_dns_task.cc(863)] Address list empty after RFC3484 sort
[20340:10744:0619/214541.048:ERROR:socket_manager.cc(147)] Failed to resolve address for stun.cloudflare.com., errorcode: -105
[20340:10744:0619/214541.048:ERROR:socket_manager.cc(147)] Failed to resolve address for stun.cloudflare.com., errorcode: -105
[20340:10744:0619/214541.048:ERROR:socket_manager.cc(147)] Failed to resolve address for stun.cloudflare.com., errorcode: -105
[20696:11924:0619/214541.048:WARNING:stun_port.cc(442)] Port[f2ac00:0:1:0:host:Net[any:0:0:0:x:x:x:x:x/0:Wildcard:id=0]]: StunPort: stun host lookup received error -1
[20696:11924:0619/214541.048:WARNING:stun_port.cc(442)] Port[f2b400:1:1:0:host:Net[any:0:0:0:x:x:x:x:x/0:Wildcard:id=0]]: StunPort: stun host lookup received error -1
[20696:11924:0619/214541.048:WARNING:stun_port.cc(442)] Port[12c0000:2:1:0:host:Net[any:0:0:0:x:x:x:x:x/0:Wildcard:id=0]]: StunPort: stun host lookup received error -1
[7364:20568:0619/214541.206:ERROR:cast_crl.cc(443)] CRL - Verification failed.
[20696:28408:0619/214542.661:WARNING:codec.cc(525)] Explicitly added H264 constrained baseline to list of supported formats.
[7364:20568:0619/214545.042:ERROR:cast_crl.cc(443)] CRL - Verification failed.
[7364:11072:0619/214637.325:WARNING:page_discarding_helper.cc(138)] Discarding multiple pages with target (kb): 0
[13220:33744:0619/214749.991:WARNING:frame_impl.cc(430)] virtual CefFrameImpl::SendProcessMessage sent to detached frame 6-6A062F5F3A3C9BF8B941C3E242B12428 will be ignored
[6792:21420:0619/214750.667:ERROR:shared_image_manager.cc(224)] SharedImageManager::ProduceSkia: Trying to Produce a Skia representation from a non-existent mailbox.
[7364:20568:0619/222145.113:ERROR:cast_crl.cc(443)] CRL - Verification failed.
[7364:11072:0619/235422.814:WARNING:pref_notifier_impl.cc(41)] Pref observer for media_router.cast_allow_all_ips found at shutdown.
