[25064:3404:0606/191201.812:WARNING:chrome_main_delegate.cc(745)] This is Chrome version 128.0.6613.138 (not a warning)
[25064:27492:0606/191202.175:ERROR:google_update_settings.cc(265)] Failed opening key Software\Chromium to set usagestats; result: 5
[25064:3404:0606/191202.321:WARNING:account_consistency_mode_manager.cc(77)] Desktop Identity Consistency cannot be enabled as no OAuth client ID and client secret have been configured.
[11496:4236:0606/191220.022:WARNING:frame_impl.cc(430)] virtual CefFrameImpl::SendProcessMessage sent to detached frame 5-7F40019A33B6C6D53D541D734438D866 will be ignored
[25064:2452:0606/191222.130:ERROR:cast_crl.cc(443)] CRL - Verification failed.
[25064:2452:0606/191222.660:ERROR:cast_crl.cc(443)] CRL - Verification failed.
[25064:2452:0606/191222.686:WARNING:browser_info.cc(345)] Returning a speculative frame for [9,5]
[25064:3404:0606/191223.015:WARNING:browser_info.cc(345)] Returning a speculative frame for [10,5]
[25064:3404:0606/191223.016:WARNING:browser_info.cc(345)] Returning a speculative frame for [10,5]
[25064:3404:0606/191223.016:WARNING:browser_info.cc(345)] Returning a speculative frame for [10,5]
[25064:3404:0606/191223.016:WARNING:browser_info.cc(345)] Returning a speculative frame for [10,5]
[25064:2452:0606/191223.351:WARNING:browser_info.cc(345)] Returning a speculative frame for [10,5]
[6056:6816:0606/191231.016:WARNING:codec.cc(525)] Explicitly added H264 constrained baseline to list of supported formats.
[6056:6816:0606/191231.829:WARNING:codec.cc(525)] Explicitly added H264 constrained baseline to list of supported formats.
[6056:28996:0606/191231.870:WARNING:codec.cc(525)] Explicitly added H264 constrained baseline to list of supported formats.
[6056:28996:0606/191231.870:WARNING:codec.cc(525)] Explicitly added H264 constrained baseline to list of supported formats.
[6056:28996:0606/191231.873:WARNING:codec.cc(525)] Explicitly added H264 constrained baseline to list of supported formats.
[28488:16648:0606/191232.051:WARNING:host_resolver_dns_task.cc(863)] Address list empty after RFC3484 sort
[28488:16648:0606/191232.072:ERROR:socket_manager.cc(147)] Failed to resolve address for stun.cloudflare.com., errorcode: -105
[28488:16648:0606/191232.072:ERROR:socket_manager.cc(147)] Failed to resolve address for stun.cloudflare.com., errorcode: -105
[28488:16648:0606/191232.072:ERROR:socket_manager.cc(147)] Failed to resolve address for stun.cloudflare.com., errorcode: -105
[6056:28996:0606/191232.072:WARNING:stun_port.cc(442)] Port[175b400:0:1:0:host:Net[any:0:0:0:x:x:x:x:x/0:Wildcard:id=0]]: StunPort: stun host lookup received error -1
[6056:28996:0606/191232.072:WARNING:stun_port.cc(442)] Port[57e4000:1:1:0:host:Net[any:0:0:0:x:x:x:x:x/0:Wildcard:id=0]]: StunPort: stun host lookup received error -1
[6056:28996:0606/191232.072:WARNING:stun_port.cc(442)] Port[57e4400:2:1:0:host:Net[any:0:0:0:x:x:x:x:x/0:Wildcard:id=0]]: StunPort: stun host lookup received error -1
[25064:3404:0606/191308.846:ERROR:device_event_log_impl.cc(196)] [19:13:08.824] USB: usb_service_win.cc:105 SetupDiGetDeviceProperty({{A45C254E-DF1C-4EFD-8020-67D146A850E0}, 6}) failed: Element not found. (0x490)
[8288:27160:0606/191439.602:ERROR:shared_image_manager.cc(224)] SharedImageManager::ProduceSkia: Trying to Produce a Skia representation from a non-existent mailbox.
[25064:3404:0606/215141.599:WARNING:pref_notifier_impl.cc(41)] Pref observer for media_router.cast_allow_all_ips found at shutdown.
