[4676:7796:0606/080901.324:WARNING:chrome_main_delegate.cc(745)] This is Chrome version 128.0.6613.138 (not a warning)
[4676:18052:0606/080901.672:ERROR:google_update_settings.cc(265)] Failed opening key Software\Chromium to set usagestats; result: 5
[4676:7796:0606/080901.840:WARNING:account_consistency_mode_manager.cc(77)] Desktop Identity Consistency cannot be enabled as no OAuth client ID and client secret have been configured.
[24648:20024:0606/080922.349:ERROR:frame_impl.cc(537)] frame 5-2466E7A367D23360F41DCFAB1622972E connection timeout
[4676:7796:0606/080925.010:WARNING:browser_info.cc(345)] Returning a speculative frame for [8,5]
[4676:7796:0606/080925.011:WARNING:browser_info.cc(345)] Returning a speculative frame for [8,5]
[4676:7796:0606/080925.012:WARNING:browser_info.cc(345)] Returning a speculative frame for [8,5]
[4676:7796:0606/080925.012:WARNING:browser_info.cc(345)] Returning a speculative frame for [8,5]
[4676:25148:0606/080925.176:WARNING:browser_info.cc(345)] Returning a speculative frame for [8,5]
[19260:29284:0606/080927.508:WARNING:codec.cc(525)] Explicitly added H264 constrained baseline to list of supported formats.
[19260:29284:0606/080928.645:WARNING:codec.cc(525)] Explicitly added H264 constrained baseline to list of supported formats.
[19260:20836:0606/080928.679:WARNING:codec.cc(525)] Explicitly added H264 constrained baseline to list of supported formats.
[19260:20836:0606/080928.679:WARNING:codec.cc(525)] Explicitly added H264 constrained baseline to list of supported formats.
[19260:20836:0606/080928.680:WARNING:codec.cc(525)] Explicitly added H264 constrained baseline to list of supported formats.
[12044:21928:0606/080928.910:WARNING:host_resolver_dns_task.cc(863)] Address list empty after RFC3484 sort
[12044:21928:0606/080928.914:ERROR:socket_manager.cc(147)] Failed to resolve address for stun.cloudflare.com., errorcode: -105
[12044:21928:0606/080928.914:ERROR:socket_manager.cc(147)] Failed to resolve address for stun.cloudflare.com., errorcode: -105
[12044:21928:0606/080928.914:ERROR:socket_manager.cc(147)] Failed to resolve address for stun.cloudflare.com., errorcode: -105
[19260:20836:0606/080928.914:WARNING:stun_port.cc(442)] Port[dbd800:0:1:0:host:Net[any:0:0:0:x:x:x:x:x/0:Wildcard:id=0]]: StunPort: stun host lookup received error -1
[19260:20836:0606/080928.914:WARNING:stun_port.cc(442)] Port[87ec00:1:1:0:host:Net[any:0:0:0:x:x:x:x:x/0:Wildcard:id=0]]: StunPort: stun host lookup received error -1
[19260:20836:0606/080928.914:WARNING:stun_port.cc(442)] Port[87f000:2:1:0:host:Net[any:0:0:0:x:x:x:x:x/0:Wildcard:id=0]]: StunPort: stun host lookup received error -1
[4676:25148:0606/080930.523:ERROR:cast_crl.cc(443)] CRL - Verification failed.
[18900:3548:0606/081134.898:ERROR:shared_image_manager.cc(224)] SharedImageManager::ProduceSkia: Trying to Produce a Skia representation from a non-existent mailbox.
[4676:7796:0606/082049.053:WARNING:page_discarding_helper.cc(138)] Discarding multiple pages with target (kb): 0
[4676:7796:0606/083144.488:WARNING:page_discarding_helper.cc(138)] Discarding multiple pages with target (kb): 0
[4676:7796:0606/083340.909:WARNING:pref_notifier_impl.cc(41)] Pref observer for media_router.cast_allow_all_ips found at shutdown.
