[15736:7280:0605/235015.075:WARNING:chrome_main_delegate.cc(745)] This is Chrome version 128.0.6613.138 (not a warning)
[15736:25164:0605/235015.488:ERROR:google_update_settings.cc(265)] Failed opening key Software\Chromium to set usagestats; result: 5
[15736:7280:0605/235015.721:WARNING:account_consistency_mode_manager.cc(77)] Desktop Identity Consistency cannot be enabled as no OAuth client ID and client secret have been configured.
[4280:24520:0605/235025.415:WARNING:backend_impl.cc(1764)] Destroying invalid entry.
[4280:24520:0605/235025.416:ERROR:backend_impl.cc(989)] Critical error found -8
[4280:24520:0605/235025.445:WARNING:storage_block-inl.h(138)] Failed data load.
[4280:24520:0605/235025.445:WARNING:storage_block-inl.h(138)] Failed data load.
[4280:24520:0605/235025.450:WARNING:storage_block-inl.h(138)] Failed data load.
[4280:24520:0605/235025.451:ERROR:entry_impl.cc(955)] Failed to save user data
[4280:24520:0605/235025.451:ERROR:entry_impl.cc(955)] Failed to save user data
[10176:22676:0605/235025.788:WARNING:frame_impl.cc(430)] virtual CefFrameImpl::SendProcessMessage sent to detached frame 5-7D0BAFC07C41A35F9ED496B3CE6D0273 will be ignored
[15736:23236:0605/235027.239:WARNING:browser_info.cc(345)] Returning a speculative frame for [8,5]
[15736:7280:0605/235027.388:WARNING:browser_info.cc(345)] Returning a speculative frame for [9,5]
[15736:7280:0605/235027.388:WARNING:browser_info.cc(345)] Returning a speculative frame for [9,5]
[15736:7280:0605/235027.388:WARNING:browser_info.cc(345)] Returning a speculative frame for [9,5]
[15736:7280:0605/235027.389:WARNING:browser_info.cc(345)] Returning a speculative frame for [9,5]
[15736:23236:0605/235027.490:WARNING:browser_info.cc(345)] Returning a speculative frame for [9,5]
[15736:23236:0605/235027.704:ERROR:cast_crl.cc(443)] CRL - Verification failed.
[5132:26336:0605/235029.540:WARNING:codec.cc(525)] Explicitly added H264 constrained baseline to list of supported formats.
[5132:26336:0605/235030.735:WARNING:codec.cc(525)] Explicitly added H264 constrained baseline to list of supported formats.
[5132:7240:0605/235030.778:WARNING:codec.cc(525)] Explicitly added H264 constrained baseline to list of supported formats.
[5132:7240:0605/235030.779:WARNING:codec.cc(525)] Explicitly added H264 constrained baseline to list of supported formats.
[5132:7240:0605/235030.781:WARNING:codec.cc(525)] Explicitly added H264 constrained baseline to list of supported formats.
[4280:20888:0605/235030.830:WARNING:host_resolver_dns_task.cc(863)] Address list empty after RFC3484 sort
[4280:20888:0605/235030.842:ERROR:socket_manager.cc(147)] Failed to resolve address for stun.cloudflare.com., errorcode: -105
[4280:20888:0605/235030.842:ERROR:socket_manager.cc(147)] Failed to resolve address for stun.cloudflare.com., errorcode: -105
[4280:20888:0605/235030.842:ERROR:socket_manager.cc(147)] Failed to resolve address for stun.cloudflare.com., errorcode: -105
[5132:7240:0605/235030.842:WARNING:stun_port.cc(442)] Port[21e5c00:0:1:0:host:Net[any:0:0:0:x:x:x:x:x/0:Wildcard:id=0]]: StunPort: stun host lookup received error -1
[5132:7240:0605/235030.843:WARNING:stun_port.cc(442)] Port[21e6400:1:1:0:host:Net[any:0:0:0:x:x:x:x:x/0:Wildcard:id=0]]: StunPort: stun host lookup received error -1
[5132:7240:0605/235030.843:WARNING:stun_port.cc(442)] Port[21e6c00:2:1:0:host:Net[any:0:0:0:x:x:x:x:x/0:Wildcard:id=0]]: StunPort: stun host lookup received error -1
[15736:23236:0605/235034.369:ERROR:cast_crl.cc(443)] CRL - Verification failed.
[15736:7280:0605/235049.341:WARNING:pref_notifier_impl.cc(41)] Pref observer for media_router.cast_allow_all_ips found at shutdown.
