[28844:21240:0606/140112.342:WARNING:chrome_main_delegate.cc(745)] This is Chrome version 128.0.6613.138 (not a warning)
[28844:14544:0606/140112.705:ERROR:google_update_settings.cc(265)] Failed opening key Software\Chromium to set usagestats; result: 5
[28844:21240:0606/140112.855:WARNING:account_consistency_mode_manager.cc(77)] Desktop Identity Consistency cannot be enabled as no OAuth client ID and client secret have been configured.
[7936:9208:0606/140126.174:WARNING:frame_impl.cc(430)] virtual CefFrameImpl::SendProcessMessage sent to detached frame 5-A4E301EE3F50074C4414F68C376046FC will be ignored
[28844:29296:0606/140127.100:WARNING:browser_info.cc(345)] Returning a speculative frame for [8,5]
[28844:21240:0606/140127.120:WARNING:browser_info.cc(345)] Returning a speculative frame for [9,5]
[28844:21240:0606/140127.227:WARNING:browser_info.cc(345)] Returning a speculative frame for [9,5]
[28844:21240:0606/140127.227:WARNING:browser_info.cc(345)] Returning a speculative frame for [9,5]
[28844:21240:0606/140127.227:WARNING:browser_info.cc(345)] Returning a speculative frame for [9,5]
[28844:29296:0606/140127.396:WARNING:browser_info.cc(345)] Returning a speculative frame for [9,5]
[7964:28724:0606/140131.069:WARNING:codec.cc(525)] Explicitly added H264 constrained baseline to list of supported formats.
[28844:29296:0606/140132.025:ERROR:cast_crl.cc(443)] CRL - Verification failed.
[7964:28724:0606/140132.144:WARNING:codec.cc(525)] Explicitly added H264 constrained baseline to list of supported formats.
[7964:252:0606/140132.182:WARNING:codec.cc(525)] Explicitly added H264 constrained baseline to list of supported formats.
[7964:252:0606/140132.182:WARNING:codec.cc(525)] Explicitly added H264 constrained baseline to list of supported formats.
[7964:252:0606/140132.183:WARNING:codec.cc(525)] Explicitly added H264 constrained baseline to list of supported formats.
[18440:12464:0606/140132.208:WARNING:host_resolver_dns_task.cc(863)] Address list empty after RFC3484 sort
[18440:12464:0606/140132.216:ERROR:socket_manager.cc(147)] Failed to resolve address for stun.cloudflare.com., errorcode: -105
[18440:12464:0606/140132.216:ERROR:socket_manager.cc(147)] Failed to resolve address for stun.cloudflare.com., errorcode: -105
[18440:12464:0606/140132.216:ERROR:socket_manager.cc(147)] Failed to resolve address for stun.cloudflare.com., errorcode: -105
[7964:252:0606/140132.216:WARNING:stun_port.cc(442)] Port[2246400:0:1:0:host:Net[any:0:0:0:x:x:x:x:x/0:Wildcard:id=0]]: StunPort: stun host lookup received error -1
[7964:252:0606/140132.216:WARNING:stun_port.cc(442)] Port[2246c00:1:1:0:host:Net[any:0:0:0:x:x:x:x:x/0:Wildcard:id=0]]: StunPort: stun host lookup received error -1
[7964:252:0606/140132.216:WARNING:stun_port.cc(442)] Port[2247400:2:1:0:host:Net[any:0:0:0:x:x:x:x:x/0:Wildcard:id=0]]: StunPort: stun host lookup received error -1
[28844:29296:0606/140133.605:ERROR:cast_crl.cc(443)] CRL - Verification failed.
[16776:19156:0606/140339.967:ERROR:shared_image_manager.cc(224)] SharedImageManager::ProduceSkia: Trying to Produce a Skia representation from a non-existent mailbox.
[28844:21240:0606/141636.050:WARNING:pref_notifier_impl.cc(41)] Pref observer for media_router.cast_allow_all_ips found at shutdown.
