[4216:26676:0605/204244.060:WARNING:chrome_main_delegate.cc(745)] This is Chrome version 128.0.6613.138 (not a warning)
[4216:7536:0605/204244.444:ERROR:google_update_settings.cc(265)] Failed opening key Software\Chromium to set usagestats; result: 5
[4216:26676:0605/204244.750:WARNING:account_consistency_mode_manager.cc(77)] Desktop Identity Consistency cannot be enabled as no OAuth client ID and client secret have been configured.
[4216:26676:0605/204259.041:ERROR:browser_info_manager.cc(781)] Timeout of new browser info response for frame 6-C62E9BCE8BD277F682CEFB284E11021F (has_rfh=1)
[19372:22668:0605/204259.104:WARNING:frame_impl.cc(430)] virtual CefFrameImpl::SendProcessMessage sent to detached frame 5-0EDD1BD868536A0B0EF92543A9DDDAF4 will be ignored
[4216:5076:0605/204259.833:WARNING:browser_info.cc(345)] Returning a speculative frame for [8,5]
[4216:26676:0605/204259.908:WARNING:browser_info.cc(345)] Returning a speculative frame for [9,5]
[4216:26676:0605/204259.908:WARNING:browser_info.cc(345)] Returning a speculative frame for [9,5]
[4216:26676:0605/204259.908:WARNING:browser_info.cc(345)] Returning a speculative frame for [9,5]
[4216:26676:0605/204259.908:WARNING:browser_info.cc(345)] Returning a speculative frame for [9,5]
[4216:5076:0605/204300.037:WARNING:browser_info.cc(345)] Returning a speculative frame for [9,5]
[4216:5076:0605/204301.980:ERROR:cast_crl.cc(443)] CRL - Verification failed.
[19448:4168:0605/204303.814:WARNING:codec.cc(525)] Explicitly added H264 constrained baseline to list of supported formats.
[4216:5076:0605/204303.923:ERROR:cast_crl.cc(443)] CRL - Verification failed.
[19448:4168:0605/204304.909:WARNING:codec.cc(525)] Explicitly added H264 constrained baseline to list of supported formats.
[19448:26052:0605/204304.949:WARNING:codec.cc(525)] Explicitly added H264 constrained baseline to list of supported formats.
[19448:26052:0605/204304.950:WARNING:codec.cc(525)] Explicitly added H264 constrained baseline to list of supported formats.
[19448:26052:0605/204304.951:WARNING:codec.cc(525)] Explicitly added H264 constrained baseline to list of supported formats.
[6756:6580:0605/204305.148:WARNING:host_resolver_dns_task.cc(863)] Address list empty after RFC3484 sort
[6756:6580:0605/204305.167:ERROR:socket_manager.cc(147)] Failed to resolve address for stun.cloudflare.com., errorcode: -105
[6756:6580:0605/204305.167:ERROR:socket_manager.cc(147)] Failed to resolve address for stun.cloudflare.com., errorcode: -105
[6756:6580:0605/204305.167:ERROR:socket_manager.cc(147)] Failed to resolve address for stun.cloudflare.com., errorcode: -105
[19448:26052:0605/204305.167:WARNING:stun_port.cc(442)] Port[dc2400:0:1:0:host:Net[any:0:0:0:x:x:x:x:x/0:Wildcard:id=0]]: StunPort: stun host lookup received error -1
[19448:26052:0605/204305.167:WARNING:stun_port.cc(442)] Port[4645000:1:1:0:host:Net[any:0:0:0:x:x:x:x:x/0:Wildcard:id=0]]: StunPort: stun host lookup received error -1
[19448:26052:0605/204305.167:WARNING:stun_port.cc(442)] Port[4645800:2:1:0:host:Net[any:0:0:0:x:x:x:x:x/0:Wildcard:id=0]]: StunPort: stun host lookup received error -1
[28584:7808:0605/204509.310:ERROR:shared_image_manager.cc(224)] SharedImageManager::ProduceSkia: Trying to Produce a Skia representation from a non-existent mailbox.
[4216:26676:0605/211602.019:WARNING:pref_notifier_impl.cc(41)] Pref observer for media_router.cast_allow_all_ips found at shutdown.
