[18312:13024:0606/103201.782:WARNING:chrome_main_delegate.cc(745)] This is Chrome version 128.0.6613.138 (not a warning)
[18312:11512:0606/103202.137:ERROR:google_update_settings.cc(265)] Failed opening key Software\Chromium to set usagestats; result: 5
[18312:13024:0606/103202.301:WARNING:account_consistency_mode_manager.cc(77)] Desktop Identity Consistency cannot be enabled as no OAuth client ID and client secret have been configured.
[28240:10356:0606/103214.978:WARNING:frame_impl.cc(430)] virtual CefFrameImpl::SendProcessMessage sent to detached frame 5-F167115803F927086B64DB080C6AC871 will be ignored
[18312:8964:0606/103216.295:WARNING:browser_info.cc(345)] Returning a speculative frame for [7,5]
[18312:13024:0606/103217.790:WARNING:browser_info.cc(345)] Returning a speculative frame for [9,5]
[18312:13024:0606/103217.791:WARNING:browser_info.cc(345)] Returning a speculative frame for [9,5]
[18312:13024:0606/103217.791:WARNING:browser_info.cc(345)] Returning a speculative frame for [9,5]
[18312:13024:0606/103217.791:WARNING:browser_info.cc(345)] Returning a speculative frame for [9,5]
[18312:8964:0606/103218.012:WARNING:browser_info.cc(345)] Returning a speculative frame for [9,5]
[15956:24444:0606/103219.907:WARNING:codec.cc(525)] Explicitly added H264 constrained baseline to list of supported formats.
[18312:8964:0606/103220.658:ERROR:cast_crl.cc(443)] CRL - Verification failed.
[15956:24444:0606/103221.459:WARNING:codec.cc(525)] Explicitly added H264 constrained baseline to list of supported formats.
[15956:24076:0606/103221.504:WARNING:codec.cc(525)] Explicitly added H264 constrained baseline to list of supported formats.
[15956:24076:0606/103221.505:WARNING:codec.cc(525)] Explicitly added H264 constrained baseline to list of supported formats.
[15956:24076:0606/103221.506:WARNING:codec.cc(525)] Explicitly added H264 constrained baseline to list of supported formats.
[12332:10948:0606/103221.682:WARNING:host_resolver_dns_task.cc(863)] Address list empty after RFC3484 sort
[12332:10948:0606/103221.711:ERROR:socket_manager.cc(147)] Failed to resolve address for stun.cloudflare.com., errorcode: -105
[12332:10948:0606/103221.711:ERROR:socket_manager.cc(147)] Failed to resolve address for stun.cloudflare.com., errorcode: -105
[12332:10948:0606/103221.711:ERROR:socket_manager.cc(147)] Failed to resolve address for stun.cloudflare.com., errorcode: -105
[15956:24076:0606/103221.711:WARNING:stun_port.cc(442)] Port[3924400:0:1:0:host:Net[any:0:0:0:x:x:x:x:x/0:Wildcard:id=0]]: StunPort: stun host lookup received error -1
[15956:24076:0606/103221.711:WARNING:stun_port.cc(442)] Port[3924c00:1:1:0:host:Net[any:0:0:0:x:x:x:x:x/0:Wildcard:id=0]]: StunPort: stun host lookup received error -1
[15956:24076:0606/103221.711:WARNING:stun_port.cc(442)] Port[3925400:2:1:0:host:Net[any:0:0:0:x:x:x:x:x/0:Wildcard:id=0]]: StunPort: stun host lookup received error -1
[18312:8964:0606/103223.670:ERROR:cast_crl.cc(443)] CRL - Verification failed.
[18312:13024:0606/103247.312:WARNING:pref_notifier_impl.cc(41)] Pref observer for media_router.cast_allow_all_ips found at shutdown.
