[25764:24600:0607/130545.844:WARNING:chrome_main_delegate.cc(745)] This is Chrome version 128.0.6613.138 (not a warning)
[25764:7036:0607/130546.254:ERROR:google_update_settings.cc(265)] Failed opening key Software\Chromium to set usagestats; result: 5
[25764:24600:0607/130546.461:WARNING:account_consistency_mode_manager.cc(77)] Desktop Identity Consistency cannot be enabled as no OAuth client ID and client secret have been configured.
[25764:24600:0607/130625.209:ERROR:browser_info_manager.cc(781)] Timeout of new browser info response for frame 6-AE4D2AD112E85A47955078A14C9DCC7C (has_rfh=1)
[18436:4716:0607/130625.556:WARNING:frame_impl.cc(430)] virtual CefFrameImpl::SendProcessMessage sent to detached frame 5-3BFAD4E133C3B430F52F3BC58173A6CE will be ignored
[25764:24600:0607/130627.933:WARNING:browser_info.cc(345)] Returning a speculative frame for [9,5]
[25764:24600:0607/130627.933:WARNING:browser_info.cc(345)] Returning a speculative frame for [9,5]
[25764:24600:0607/130627.933:WARNING:browser_info.cc(345)] Returning a speculative frame for [9,5]
[25764:24600:0607/130627.933:WARNING:browser_info.cc(345)] Returning a speculative frame for [9,5]
[25764:26052:0607/130628.050:WARNING:browser_info.cc(345)] Returning a speculative frame for [9,5]
[25764:26052:0607/130629.015:ERROR:cast_crl.cc(443)] CRL - Verification failed.
[25764:26052:0607/130629.278:ERROR:cast_crl.cc(443)] CRL - Verification failed.
[14156:28872:0607/130630.436:WARNING:codec.cc(525)] Explicitly added H264 constrained baseline to list of supported formats.
[14156:28872:0607/130631.421:WARNING:codec.cc(525)] Explicitly added H264 constrained baseline to list of supported formats.
[14156:18052:0607/130631.458:WARNING:codec.cc(525)] Explicitly added H264 constrained baseline to list of supported formats.
[14156:18052:0607/130631.459:WARNING:codec.cc(525)] Explicitly added H264 constrained baseline to list of supported formats.
[14156:18052:0607/130631.460:WARNING:codec.cc(525)] Explicitly added H264 constrained baseline to list of supported formats.
[23160:13852:0607/130631.496:WARNING:host_resolver_dns_task.cc(863)] Address list empty after RFC3484 sort
[23160:13852:0607/130631.517:ERROR:socket_manager.cc(147)] Failed to resolve address for stun.cloudflare.com., errorcode: -105
[23160:13852:0607/130631.517:ERROR:socket_manager.cc(147)] Failed to resolve address for stun.cloudflare.com., errorcode: -105
[23160:13852:0607/130631.517:ERROR:socket_manager.cc(147)] Failed to resolve address for stun.cloudflare.com., errorcode: -105
[14156:18052:0607/130631.517:WARNING:stun_port.cc(442)] Port[1a42800:0:1:0:host:Net[any:0:0:0:x:x:x:x:x/0:Wildcard:id=0]]: StunPort: stun host lookup received error -1
[14156:18052:0607/130631.517:WARNING:stun_port.cc(442)] Port[1a40000:1:1:0:host:Net[any:0:0:0:x:x:x:x:x/0:Wildcard:id=0]]: StunPort: stun host lookup received error -1
[14156:18052:0607/130631.517:WARNING:stun_port.cc(442)] Port[49c9800:2:1:0:host:Net[any:0:0:0:x:x:x:x:x/0:Wildcard:id=0]]: StunPort: stun host lookup received error -1
[11084:15240:0607/130855.264:ERROR:shared_image_manager.cc(224)] SharedImageManager::ProduceSkia: Trying to Produce a Skia representation from a non-existent mailbox.
[25764:24600:0607/151618.961:WARNING:page_discarding_helper.cc(138)] Discarding multiple pages with target (kb): 0
[25764:26052:0607/160320.356:ERROR:cast_crl.cc(443)] CRL - Verification failed.
[25764:26052:0607/160322.052:ERROR:cast_crl.cc(443)] CRL - Verification failed.
